2024-09-19 19:07:25,320 DEBUG logger_config.py:30 - Logging initialized
2024-09-19 19:07:25,321 DEBUG environment.py:53 - Configuring Allure reports
2024-09-19 19:07:25,344 INFO environment.py:68 - Starting Behave tests
2024-09-19 19:07:46,804 DEBUG steps_common_definitions.py:19 - Redirected to login page, trying to login...
2024-09-19 19:07:47,392 DEBUG base_page.py:15 - Gets an element using locator .orangehrm-login-button
2024-09-19 19:07:48,850 DEBUG base_page.py:15 - Gets an element using locator button:has-text("Add")
2024-09-19 19:07:48,850 DEBUG base_page.py:20 - Clicks on an element using locator button:has-text("Add")
2024-09-19 19:08:02,393 INFO environment.py:73 - Finished Behave tests
2024-09-19 19:09:50,033 DEBUG logger_config.py:30 - Logging initialized
2024-09-19 19:09:50,033 DEBUG environment.py:53 - Configuring Allure reports
2024-09-19 19:09:50,035 INFO environment.py:68 - Starting Behave tests
2024-09-19 19:09:59,236 DEBUG steps_common_definitions.py:19 - Redirected to login page, trying to login...
2024-09-19 19:10:00,227 DEBUG base_page.py:15 - Gets an element using locator .orangehrm-login-button
2024-09-19 19:10:01,425 DEBUG base_page.py:15 - Gets an element using locator button:has-text("Add")
2024-09-19 19:10:01,426 DEBUG base_page.py:20 - Clicks on an element using locator button:has-text("Add")
2024-09-19 19:10:03,893 INFO environment.py:73 - Finished Behave tests
2024-09-19 19:10:54,582 DEBUG logger_config.py:30 - Logging initialized
2024-09-19 19:10:54,583 DEBUG environment.py:53 - Configuring Allure reports
2024-09-19 19:10:54,584 INFO environment.py:68 - Starting Behave tests
2024-09-19 19:11:07,846 DEBUG steps_common_definitions.py:19 - Redirected to login page, trying to login...
2024-09-19 19:11:08,754 DEBUG base_page.py:15 - Gets an element using locator .orangehrm-login-button
2024-09-19 19:11:09,927 DEBUG base_page.py:15 - Gets an element using locator button:has-text("Add")
2024-09-19 19:11:09,927 DEBUG base_page.py:20 - Clicks on an element using locator button:has-text("Add")
2024-09-19 19:11:12,227 INFO environment.py:73 - Finished Behave tests
2024-09-19 19:13:44,217 DEBUG logger_config.py:30 - Logging initialized
2024-09-19 19:13:44,217 DEBUG environment.py:53 - Configuring Allure reports
2024-09-19 19:13:44,219 INFO environment.py:68 - Starting Behave tests
2024-09-19 19:13:51,707 DEBUG steps_common_definitions.py:19 - Redirected to login page, trying to login...
2024-09-19 19:13:52,616 DEBUG base_page.py:15 - Gets an element using locator .orangehrm-login-button
2024-09-19 19:13:53,717 DEBUG base_page.py:15 - Gets an element using locator button:has-text("Add")
2024-09-19 19:13:53,717 DEBUG base_page.py:20 - Clicks on an element using locator button:has-text("Add")
2024-09-19 19:13:55,185 DEBUG base_page.py:15 - Gets an element using locator .oxd-input-field-bottom-space:has-text("Full Name")
2024-09-19 19:14:25,626 INFO environment.py:73 - Finished Behave tests
2024-09-19 19:36:41,113 DEBUG logger_config.py:30 - Logging initialized
2024-09-19 19:36:41,113 DEBUG environment.py:53 - Configuring Allure reports
2024-09-19 19:36:41,114 INFO environment.py:68 - Starting Behave tests
2024-09-19 19:36:49,283 DEBUG steps_common_definitions.py:19 - Redirected to login page, trying to login...
2024-09-19 19:36:50,211 DEBUG base_page.py:15 - Gets an element using locator .orangehrm-login-button
2024-09-19 19:36:51,413 DEBUG base_page.py:15 - Gets an element using locator button:has-text("Add")
2024-09-19 19:36:51,414 DEBUG base_page.py:20 - Clicks on an element using locator button:has-text("Add")
2024-09-19 19:36:53,442 INFO environment.py:73 - Finished Behave tests
2024-09-19 19:38:39,714 DEBUG logger_config.py:30 - Logging initialized
2024-09-19 19:38:39,714 DEBUG environment.py:53 - Configuring Allure reports
2024-09-19 19:38:39,715 INFO environment.py:68 - Starting Behave tests
2024-09-19 19:38:52,706 DEBUG steps_common_definitions.py:19 - Redirected to login page, trying to login...
2024-09-19 19:38:53,629 DEBUG base_page.py:15 - Gets an element using locator .orangehrm-login-button
2024-09-19 19:38:55,115 DEBUG base_page.py:15 - Gets an element using locator button:has-text("Add")
2024-09-19 19:38:55,115 DEBUG base_page.py:20 - Clicks on an element using locator button:has-text("Add")
2024-09-19 19:38:57,917 INFO environment.py:73 - Finished Behave tests
2024-09-19 19:49:32,981 DEBUG logger_config.py:30 - Logging initialized
2024-09-19 19:49:32,981 DEBUG environment.py:53 - Configuring Allure reports
2024-09-19 19:49:32,983 INFO environment.py:68 - Starting Behave tests
2024-09-19 19:49:40,336 DEBUG steps_common_definitions.py:19 - Redirected to login page, trying to login...
2024-09-19 19:49:41,246 DEBUG base_page.py:15 - Gets an element using locator .orangehrm-login-button
2024-09-19 19:49:42,501 DEBUG base_page.py:15 - Gets an element using locator button:has-text("Add")
2024-09-19 19:49:42,501 DEBUG base_page.py:20 - Clicks on an element using locator button:has-text("Add")
2024-09-19 19:49:44,713 DEBUG base_page.py:15 - Gets an element using locator input[name="firstName"]
2024-09-19 19:49:45,584 DEBUG base_page.py:15 - Gets an element using locator input[name="lastName"]
2024-09-19 19:49:46,687 INFO environment.py:73 - Finished Behave tests
2024-09-19 19:50:45,753 DEBUG logger_config.py:30 - Logging initialized
2024-09-19 19:50:45,753 DEBUG environment.py:53 - Configuring Allure reports
2024-09-19 19:50:45,755 INFO environment.py:68 - Starting Behave tests
2024-09-19 19:50:57,678 DEBUG steps_common_definitions.py:19 - Redirected to login page, trying to login...
2024-09-19 19:50:58,599 DEBUG base_page.py:15 - Gets an element using locator .orangehrm-login-button
2024-09-19 19:51:00,017 DEBUG base_page.py:15 - Gets an element using locator button:has-text("Add")
2024-09-19 19:51:00,017 DEBUG base_page.py:20 - Clicks on an element using locator button:has-text("Add")
2024-09-19 19:51:01,603 DEBUG base_page.py:15 - Gets an element using locator input[name="firstName"]
2024-09-19 19:51:02,029 DEBUG base_page.py:15 - Gets an element using locator input[name="lastName"]
2024-09-19 19:51:02,046 DEBUG base_page.py:15 - Gets an element using locator input:not([name])
2024-09-19 19:51:03,361 INFO environment.py:73 - Finished Behave tests
2024-09-19 19:54:43,051 DEBUG logger_config.py:30 - Logging initialized
2024-09-19 19:54:43,052 DEBUG environment.py:53 - Configuring Allure reports
2024-09-19 19:54:43,053 INFO environment.py:68 - Starting Behave tests
2024-09-19 19:54:50,922 DEBUG steps_common_definitions.py:19 - Redirected to login page, trying to login...
2024-09-19 19:54:51,416 DEBUG base_page.py:15 - Gets an element using locator .orangehrm-login-button
2024-09-19 19:54:52,705 DEBUG base_page.py:15 - Gets an element using locator button:has-text("Add")
2024-09-19 19:54:52,705 DEBUG base_page.py:20 - Clicks on an element using locator button:has-text("Add")
2024-09-19 19:54:54,432 DEBUG base_page.py:15 - Gets an element using locator input[name="firstName"]
2024-09-19 19:54:55,293 DEBUG base_page.py:15 - Gets an element using locator input[name="lastName"]
2024-09-19 19:54:56,235 INFO environment.py:73 - Finished Behave tests
2024-09-19 19:55:31,533 DEBUG logger_config.py:30 - Logging initialized
2024-09-19 19:55:31,534 DEBUG environment.py:53 - Configuring Allure reports
2024-09-19 19:55:31,535 INFO environment.py:68 - Starting Behave tests
2024-09-19 19:55:38,814 DEBUG steps_common_definitions.py:19 - Redirected to login page, trying to login...
2024-09-19 19:55:39,354 DEBUG base_page.py:15 - Gets an element using locator .orangehrm-login-button
2024-09-19 19:55:40,619 DEBUG base_page.py:15 - Gets an element using locator button:has-text("Add")
2024-09-19 19:55:40,619 DEBUG base_page.py:20 - Clicks on an element using locator button:has-text("Add")
2024-09-19 19:55:42,029 DEBUG base_page.py:15 - Gets an element using locator input[name="firstName"]
2024-09-19 19:55:42,888 DEBUG base_page.py:15 - Gets an element using locator input[name="lastName"]
2024-09-19 19:55:42,906 DEBUG base_page.py:15 - Gets an element using locator input:not([name])
2024-09-19 19:55:42,926 DEBUG base_page.py:15 - Gets an element using locator button:has-text("Save")
2024-09-19 19:55:42,927 DEBUG base_page.py:20 - Clicks on an element using locator button:has-text("Save")
2024-09-19 19:55:43,857 INFO environment.py:73 - Finished Behave tests
2024-09-19 19:56:42,661 DEBUG logger_config.py:30 - Logging initialized
2024-09-19 19:56:42,662 DEBUG environment.py:53 - Configuring Allure reports
2024-09-19 19:56:42,663 INFO environment.py:68 - Starting Behave tests
2024-09-19 19:56:48,877 DEBUG steps_common_definitions.py:19 - Redirected to login page, trying to login...
2024-09-19 19:56:49,367 DEBUG base_page.py:15 - Gets an element using locator .orangehrm-login-button
2024-09-19 19:56:50,603 DEBUG base_page.py:15 - Gets an element using locator button:has-text("Add")
2024-09-19 19:56:50,603 DEBUG base_page.py:20 - Clicks on an element using locator button:has-text("Add")
2024-09-19 19:56:52,135 DEBUG base_page.py:15 - Gets an element using locator input[name="firstName"]
2024-09-19 19:56:53,001 DEBUG base_page.py:15 - Gets an element using locator input[name="lastName"]
2024-09-19 19:56:53,021 DEBUG base_page.py:15 - Gets an element using locator input:not([name])
2024-09-19 19:56:56,049 DEBUG base_page.py:15 - Gets an element using locator button:has-text("Save")
2024-09-19 19:56:56,050 DEBUG base_page.py:20 - Clicks on an element using locator button:has-text("Save")
2024-09-19 19:56:56,990 INFO environment.py:73 - Finished Behave tests
2024-09-19 20:01:38,742 DEBUG logger_config.py:30 - Logging initialized
2024-09-19 20:01:38,742 DEBUG environment.py:53 - Configuring Allure reports
2024-09-19 20:01:38,743 INFO environment.py:68 - Starting Behave tests
2024-09-19 20:01:46,053 DEBUG steps_common_definitions.py:19 - Redirected to login page, trying to login...
2024-09-19 20:01:46,962 DEBUG base_page.py:15 - Gets an element using locator .orangehrm-login-button
2024-09-19 20:01:48,104 DEBUG base_page.py:15 - Gets an element using locator button:has-text("Add")
2024-09-19 20:01:48,105 DEBUG base_page.py:20 - Clicks on an element using locator button:has-text("Add")
2024-09-19 20:01:49,314 DEBUG base_page.py:15 - Gets an element using locator input[name="firstName"]
2024-09-19 20:01:50,175 DEBUG base_page.py:15 - Gets an element using locator input[name="lastName"]
2024-09-19 20:01:50,193 DEBUG base_page.py:15 - Gets an element using locator input:not([name])
2024-09-19 20:01:50,212 DEBUG base_page.py:15 - Gets an element using locator button:has-text("Save")
2024-09-19 20:01:50,212 DEBUG base_page.py:20 - Clicks on an element using locator button:has-text("Save")
2024-09-19 20:01:50,968 INFO environment.py:73 - Finished Behave tests
2024-09-19 20:11:11,295 DEBUG logger_config.py:30 - Logging initialized
2024-09-19 20:11:11,295 DEBUG environment.py:53 - Configuring Allure reports
2024-09-19 20:11:11,297 INFO environment.py:68 - Starting Behave tests
2024-09-19 20:11:25,933 DEBUG steps_common_definitions.py:19 - Redirected to login page, trying to login...
2024-09-19 20:11:26,855 DEBUG base_page.py:15 - Gets an element using locator .orangehrm-login-button
2024-09-19 20:11:28,470 DEBUG base_page.py:15 - Gets an element using locator button:has-text("Add")
2024-09-19 20:11:28,471 DEBUG base_page.py:20 - Clicks on an element using locator button:has-text("Add")
2024-09-19 20:11:30,060 DEBUG base_page.py:15 - Gets an element using locator input[name="firstName"]
2024-09-19 20:11:30,908 DEBUG base_page.py:15 - Gets an element using locator input[name="lastName"]
2024-09-19 20:11:30,927 DEBUG base_page.py:15 - Gets an element using locator input:not([name])
2024-09-19 20:11:30,947 DEBUG base_page.py:15 - Gets an element using locator button:has-text("Save")
2024-09-19 20:11:30,947 DEBUG base_page.py:20 - Clicks on an element using locator button:has-text("Save")
2024-09-19 20:11:30,994 DEBUG base_page.py:15 - Gets an element using locator text=Application Stage
2024-09-19 20:11:35,713 INFO environment.py:73 - Finished Behave tests
2024-09-19 20:12:03,803 DEBUG logger_config.py:30 - Logging initialized
2024-09-19 20:12:03,803 DEBUG environment.py:53 - Configuring Allure reports
2024-09-19 20:12:03,805 INFO environment.py:68 - Starting Behave tests
2024-09-19 20:12:23,936 DEBUG steps_common_definitions.py:19 - Redirected to login page, trying to login...
2024-09-19 20:12:24,839 DEBUG base_page.py:15 - Gets an element using locator .orangehrm-login-button
2024-09-19 20:12:26,018 DEBUG base_page.py:15 - Gets an element using locator button:has-text("Add")
2024-09-19 20:12:26,019 DEBUG base_page.py:20 - Clicks on an element using locator button:has-text("Add")
2024-09-19 20:12:27,596 DEBUG base_page.py:15 - Gets an element using locator input[name="firstName"]
2024-09-19 20:12:28,021 DEBUG base_page.py:15 - Gets an element using locator input[name="lastName"]
2024-09-19 20:12:28,038 DEBUG base_page.py:15 - Gets an element using locator input:not([name])
2024-09-19 20:12:28,056 DEBUG base_page.py:15 - Gets an element using locator button:has-text("Save")
2024-09-19 20:12:28,056 DEBUG base_page.py:20 - Clicks on an element using locator button:has-text("Save")
2024-09-19 20:12:28,139 DEBUG base_page.py:15 - Gets an element using locator text=nonexistyin
2024-09-19 20:12:58,575 INFO environment.py:73 - Finished Behave tests
2024-09-19 20:13:48,878 DEBUG logger_config.py:30 - Logging initialized
2024-09-19 20:13:48,878 DEBUG environment.py:53 - Configuring Allure reports
2024-09-19 20:13:48,880 INFO environment.py:68 - Starting Behave tests
2024-09-19 20:14:03,331 DEBUG steps_common_definitions.py:19 - Redirected to login page, trying to login...
2024-09-19 20:14:04,239 DEBUG base_page.py:15 - Gets an element using locator .orangehrm-login-button
2024-09-19 20:14:05,404 DEBUG base_page.py:15 - Gets an element using locator button:has-text("Add")
2024-09-19 20:14:05,405 DEBUG base_page.py:20 - Clicks on an element using locator button:has-text("Add")
2024-09-19 20:14:07,212 DEBUG base_page.py:15 - Gets an element using locator input[name="firstName"]
2024-09-19 20:14:07,655 DEBUG base_page.py:15 - Gets an element using locator input[name="lastName"]
2024-09-19 20:14:07,672 DEBUG base_page.py:15 - Gets an element using locator input:not([name])
2024-09-19 20:14:07,690 DEBUG base_page.py:15 - Gets an element using locator button:has-text("Save")
2024-09-19 20:14:07,690 DEBUG base_page.py:20 - Clicks on an element using locator button:has-text("Save")
2024-09-19 20:14:07,781 DEBUG base_page.py:15 - Gets an element using locator text=Application Stage
2024-09-19 20:14:12,677 INFO environment.py:73 - Finished Behave tests
2024-09-19 20:14:55,487 DEBUG logger_config.py:30 - Logging initialized
2024-09-19 20:14:55,487 DEBUG environment.py:53 - Configuring Allure reports
2024-09-19 20:14:55,488 INFO environment.py:68 - Starting Behave tests
2024-09-19 20:15:02,035 DEBUG steps_common_definitions.py:19 - Redirected to login page, trying to login...
2024-09-19 20:15:02,961 DEBUG base_page.py:15 - Gets an element using locator .orangehrm-login-button
2024-09-19 20:15:04,246 DEBUG base_page.py:15 - Gets an element using locator button:has-text("Add")
2024-09-19 20:15:04,247 DEBUG base_page.py:20 - Clicks on an element using locator button:has-text("Add")
2024-09-19 20:15:32,816 INFO environment.py:73 - Finished Behave tests
2024-09-19 20:15:44,972 DEBUG logger_config.py:30 - Logging initialized
2024-09-19 20:15:44,972 DEBUG environment.py:53 - Configuring Allure reports
2024-09-19 20:15:44,974 INFO environment.py:68 - Starting Behave tests
2024-09-19 20:15:51,846 DEBUG steps_common_definitions.py:19 - Redirected to login page, trying to login...
2024-09-19 20:15:52,345 DEBUG base_page.py:15 - Gets an element using locator .orangehrm-login-button
2024-09-19 20:15:53,582 DEBUG base_page.py:15 - Gets an element using locator button:has-text("Add")
2024-09-19 20:15:53,582 DEBUG base_page.py:20 - Clicks on an element using locator button:has-text("Add")
2024-09-19 20:15:55,277 DEBUG base_page.py:15 - Gets an element using locator input[name="firstName"]
2024-09-19 20:15:56,126 DEBUG base_page.py:15 - Gets an element using locator input[name="lastName"]
2024-09-19 20:15:56,144 DEBUG base_page.py:15 - Gets an element using locator input:not([name])
2024-09-19 20:15:56,165 DEBUG base_page.py:15 - Gets an element using locator button:has-text("Save")
2024-09-19 20:15:56,166 DEBUG base_page.py:20 - Clicks on an element using locator button:has-text("Save")
2024-09-19 20:15:56,219 DEBUG base_page.py:15 - Gets an element using locator text=Application Stage
2024-09-19 20:16:00,857 INFO environment.py:73 - Finished Behave tests
2024-09-19 20:25:33,916 DEBUG logger_config.py:30 - Logging initialized
2024-09-19 20:25:33,917 DEBUG environment.py:53 - Configuring Allure reports
2024-09-19 20:25:33,918 INFO environment.py:68 - Starting Behave tests
2024-09-19 20:25:40,050 DEBUG steps_common_definitions.py:19 - Redirected to login page, trying to login...
2024-09-19 20:25:40,546 DEBUG base_page.py:15 - Gets an element using locator .orangehrm-login-button
2024-09-19 20:25:41,919 DEBUG base_page.py:15 - Gets an element using locator button:has-text("Add")
2024-09-19 20:25:41,919 DEBUG base_page.py:20 - Clicks on an element using locator button:has-text("Add")
2024-09-19 20:25:43,708 DEBUG base_page.py:15 - Gets an element using locator input[name="firstName"]
2024-09-19 20:25:44,133 DEBUG base_page.py:15 - Gets an element using locator input[name="lastName"]
2024-09-19 20:25:44,150 DEBUG base_page.py:15 - Gets an element using locator input:not([name])
2024-09-19 20:25:44,168 DEBUG base_page.py:15 - Gets an element using locator button:has-text("Save")
2024-09-19 20:25:44,168 DEBUG base_page.py:20 - Clicks on an element using locator button:has-text("Save")
2024-09-19 20:25:44,249 DEBUG base_page.py:15 - Gets an element using locator text=Stage
2024-09-19 20:25:49,121 INFO environment.py:73 - Finished Behave tests
2024-09-19 20:48:15,222 DEBUG logger_config.py:30 - Logging initialized
2024-09-19 20:48:15,222 DEBUG environment.py:53 - Configuring Allure reports
2024-09-19 20:48:15,223 INFO environment.py:68 - Starting Behave tests
2024-09-19 20:48:22,283 INFO environment.py:73 - Finished Behave tests
2024-09-19 20:48:29,925 DEBUG logger_config.py:30 - Logging initialized
2024-09-19 20:48:29,925 DEBUG environment.py:53 - Configuring Allure reports
2024-09-19 20:48:29,927 INFO environment.py:68 - Starting Behave tests
2024-09-19 20:48:38,298 DEBUG steps_common_definitions.py:19 - Redirected to login page, trying to login...
2024-09-19 20:48:39,224 DEBUG base_page.py:15 - Gets an element using locator .orangehrm-login-button
2024-09-19 20:48:41,587 DEBUG base_page.py:15 - Gets an element using locator button:has-text("Add")
2024-09-19 20:48:41,587 DEBUG base_page.py:20 - Clicks on an element using locator button:has-text("Add")
2024-09-19 20:48:43,651 DEBUG base_page.py:15 - Gets an element using locator input[name="firstName"]
2024-09-19 20:48:44,518 DEBUG base_page.py:15 - Gets an element using locator input[name="lastName"]
2024-09-19 20:48:44,537 DEBUG base_page.py:15 - Gets an element using locator input:not([name])
2024-09-19 20:48:44,554 DEBUG base_page.py:15 - Gets an element using locator button:has-text("Save")
2024-09-19 20:48:44,554 DEBUG base_page.py:20 - Clicks on an element using locator button:has-text("Save")
2024-09-19 20:48:45,905 INFO environment.py:73 - Finished Behave tests
2024-09-19 20:56:28,835 DEBUG logger_config.py:30 - Logging initialized
2024-09-19 20:56:28,835 DEBUG environment.py:53 - Configuring Allure reports
2024-09-19 20:56:28,836 INFO environment.py:68 - Starting Behave tests
2024-09-19 20:56:34,871 DEBUG steps_common_definitions.py:19 - Redirected to login page, trying to login...
2024-09-19 20:56:35,787 DEBUG base_page.py:16 - Gets an element using locator .orangehrm-login-button
2024-09-19 20:56:36,934 DEBUG base_page.py:16 - Gets an element using locator button:has-text("Add")
2024-09-19 20:56:36,934 DEBUG base_page.py:21 - Clicks on an element using locator button:has-text("Add")
2024-09-19 20:56:38,544 DEBUG base_page.py:16 - Gets an element using locator input[name="firstName"]
2024-09-19 20:56:39,517 DEBUG base_page.py:16 - Gets an element using locator input[name="lastName"]
2024-09-19 20:56:39,534 DEBUG base_page.py:16 - Gets an element using locator input:not([name])
2024-09-19 20:56:39,553 DEBUG base_page.py:16 - Gets an element using locator button:has-text("Save")
2024-09-19 20:56:39,553 DEBUG base_page.py:21 - Clicks on an element using locator button:has-text("Save")
2024-09-19 20:56:40,831 INFO environment.py:73 - Finished Behave tests
2024-09-19 20:57:01,427 DEBUG logger_config.py:30 - Logging initialized
2024-09-19 20:57:01,427 DEBUG environment.py:53 - Configuring Allure reports
2024-09-19 20:57:01,428 INFO environment.py:68 - Starting Behave tests
2024-09-19 20:57:07,822 DEBUG steps_common_definitions.py:19 - Redirected to login page, trying to login...
2024-09-19 20:57:08,332 DEBUG base_page.py:16 - Gets an element using locator .orangehrm-login-button
2024-09-19 20:57:09,629 DEBUG base_page.py:16 - Gets an element using locator button:has-text("Add")
2024-09-19 20:57:09,629 DEBUG base_page.py:21 - Clicks on an element using locator button:has-text("Add")
2024-09-19 20:57:11,265 DEBUG base_page.py:16 - Gets an element using locator input[name="firstName"]
2024-09-19 20:57:12,119 DEBUG base_page.py:16 - Gets an element using locator input[name="lastName"]
2024-09-19 20:57:12,137 DEBUG base_page.py:16 - Gets an element using locator input:not([name])
2024-09-19 20:57:12,155 DEBUG base_page.py:16 - Gets an element using locator button:has-text("Save")
2024-09-19 20:57:12,155 DEBUG base_page.py:21 - Clicks on an element using locator button:has-text("Save")
2024-09-19 20:57:13,874 INFO environment.py:73 - Finished Behave tests
2024-09-19 21:01:37,308 DEBUG logger_config.py:30 - Logging initialized
2024-09-19 21:01:37,308 DEBUG environment.py:53 - Configuring Allure reports
2024-09-19 21:01:37,309 INFO environment.py:68 - Starting Behave tests
2024-09-19 21:01:49,680 DEBUG steps_common_definitions.py:19 - Redirected to login page, trying to login...
2024-09-19 21:01:50,591 DEBUG base_page.py:16 - Gets an element using locator .orangehrm-login-button
2024-09-19 21:01:51,995 DEBUG base_page.py:16 - Gets an element using locator button:has-text("Add")
2024-09-19 21:01:51,995 DEBUG base_page.py:21 - Clicks on an element using locator button:has-text("Add")
2024-09-19 21:01:53,877 DEBUG base_page.py:16 - Gets an element using locator input[name="firstName"]
2024-09-19 21:01:54,802 DEBUG base_page.py:16 - Gets an element using locator input[name="lastName"]
2024-09-19 21:01:54,822 DEBUG base_page.py:16 - Gets an element using locator input:not([name])
2024-09-19 21:01:54,840 DEBUG base_page.py:16 - Gets an element using locator button:has-text("Save")
2024-09-19 21:01:54,841 DEBUG base_page.py:21 - Clicks on an element using locator button:has-text("Save")
2024-09-19 21:01:55,418 DEBUG base_page.py:16 - Gets an element using locator .oxd-table-card:has-text(".test candidate name")
2024-09-19 21:01:57,489 INFO environment.py:73 - Finished Behave tests
2024-09-19 21:06:33,650 DEBUG logger_config.py:30 - Logging initialized
2024-09-19 21:06:33,650 DEBUG environment.py:53 - Configuring Allure reports
2024-09-19 21:06:33,652 INFO environment.py:68 - Starting Behave tests
2024-09-19 21:06:45,274 DEBUG steps_common_definitions.py:19 - Redirected to login page, trying to login...
2024-09-19 21:06:46,225 DEBUG base_page.py:16 - Gets an element using locator .orangehrm-login-button
2024-09-19 21:06:47,571 DEBUG base_page.py:16 - Gets an element using locator button:has-text("Add")
2024-09-19 21:06:47,571 DEBUG base_page.py:21 - Clicks on an element using locator button:has-text("Add")
2024-09-19 21:06:49,025 DEBUG base_page.py:16 - Gets an element using locator input[name="firstName"]
2024-09-19 21:06:49,445 DEBUG base_page.py:16 - Gets an element using locator input[name="lastName"]
2024-09-19 21:06:49,462 DEBUG base_page.py:16 - Gets an element using locator input:not([name])
2024-09-19 21:06:49,480 DEBUG base_page.py:16 - Gets an element using locator button:has-text("Save")
2024-09-19 21:06:49,480 DEBUG base_page.py:21 - Clicks on an element using locator button:has-text("Save")
2024-09-19 21:06:50,222 DEBUG base_page.py:16 - Gets an element using locator .oxd-table-card:has-text(".test candidate name")
2024-09-19 21:06:52,784 INFO environment.py:73 - Finished Behave tests
2024-09-19 21:10:26,204 DEBUG logger_config.py:30 - Logging initialized
2024-09-19 21:10:26,204 DEBUG environment.py:53 - Configuring Allure reports
2024-09-19 21:10:26,206 INFO environment.py:68 - Starting Behave tests
2024-09-19 21:10:42,544 DEBUG steps_common_definitions.py:19 - Redirected to login page, trying to login...
2024-09-19 21:10:43,472 DEBUG base_page.py:16 - Gets an element using locator .orangehrm-login-button
2024-09-19 21:10:44,611 DEBUG base_page.py:16 - Gets an element using locator button:has-text("Add")
2024-09-19 21:10:44,611 DEBUG base_page.py:21 - Clicks on an element using locator button:has-text("Add")
2024-09-19 21:10:46,546 DEBUG base_page.py:16 - Gets an element using locator input[name="firstName"]
2024-09-19 21:10:48,430 DEBUG base_page.py:16 - Gets an element using locator input[name="lastName"]
2024-09-19 21:10:48,452 DEBUG base_page.py:16 - Gets an element using locator input:not([name])
2024-09-19 21:10:48,472 DEBUG base_page.py:16 - Gets an element using locator button:has-text("Save")
2024-09-19 21:10:48,472 DEBUG base_page.py:21 - Clicks on an element using locator button:has-text("Save")
2024-09-19 21:10:49,596 DEBUG base_page.py:16 - Gets an element using locator .oxd-table-card:has-text(".test candidate name")
2024-09-19 21:10:51,726 INFO environment.py:73 - Finished Behave tests
2024-09-19 21:17:42,285 DEBUG logger_config.py:30 - Logging initialized
2024-09-19 21:17:42,286 DEBUG environment.py:53 - Configuring Allure reports
2024-09-19 21:17:42,288 INFO environment.py:68 - Starting Behave tests
2024-09-19 21:17:56,131 DEBUG steps_common_definitions.py:19 - Redirected to login page, trying to login...
2024-09-19 21:17:56,630 DEBUG base_page.py:16 - Gets an element using locator .orangehrm-login-button
2024-09-19 21:17:57,864 DEBUG base_page.py:16 - Gets an element using locator button:has-text("Add")
2024-09-19 21:17:57,865 DEBUG base_page.py:21 - Clicks on an element using locator button:has-text("Add")
2024-09-19 21:17:59,343 DEBUG base_page.py:16 - Gets an element using locator input[name="firstName"]
2024-09-19 21:17:59,780 DEBUG base_page.py:16 - Gets an element using locator input[name="lastName"]
2024-09-19 21:17:59,798 DEBUG base_page.py:16 - Gets an element using locator input:not([name])
2024-09-19 21:17:59,816 DEBUG base_page.py:16 - Gets an element using locator button:has-text("Save")
2024-09-19 21:17:59,816 DEBUG base_page.py:21 - Clicks on an element using locator button:has-text("Save")
2024-09-19 21:18:00,544 DEBUG base_page.py:16 - Gets an element using locator .oxd-table-card:has-text(".test candidate name")
2024-09-19 21:18:02,571 DEBUG base_page.py:16 - Gets an element using locator input[type="checkbox"]
2024-09-19 21:18:03,296 INFO environment.py:73 - Finished Behave tests
2024-09-19 21:18:52,113 DEBUG logger_config.py:30 - Logging initialized
2024-09-19 21:18:52,113 DEBUG environment.py:53 - Configuring Allure reports
2024-09-19 21:18:52,115 INFO environment.py:68 - Starting Behave tests
2024-09-19 21:19:02,823 DEBUG steps_common_definitions.py:19 - Redirected to login page, trying to login...
2024-09-19 21:19:03,737 DEBUG base_page.py:16 - Gets an element using locator .orangehrm-login-button
2024-09-19 21:19:05,350 DEBUG base_page.py:16 - Gets an element using locator button:has-text("Add")
2024-09-19 21:19:05,350 DEBUG base_page.py:21 - Clicks on an element using locator button:has-text("Add")
2024-09-19 21:19:06,695 DEBUG base_page.py:16 - Gets an element using locator input[name="firstName"]
2024-09-19 21:19:07,564 DEBUG base_page.py:16 - Gets an element using locator input[name="lastName"]
2024-09-19 21:19:07,588 DEBUG base_page.py:16 - Gets an element using locator input:not([name])
2024-09-19 21:19:07,608 DEBUG base_page.py:16 - Gets an element using locator button:has-text("Save")
2024-09-19 21:19:07,608 DEBUG base_page.py:21 - Clicks on an element using locator button:has-text("Save")
2024-09-19 21:19:08,187 DEBUG base_page.py:16 - Gets an element using locator .oxd-table-card:has-text(".test candidate name")
2024-09-19 21:19:10,117 DEBUG base_page.py:16 - Gets an element using locator input[type="checkbox"]
2024-09-19 21:19:12,188 INFO environment.py:73 - Finished Behave tests
2024-09-19 21:21:21,534 DEBUG logger_config.py:30 - Logging initialized
2024-09-19 21:21:21,534 DEBUG environment.py:53 - Configuring Allure reports
2024-09-19 21:21:21,535 INFO environment.py:68 - Starting Behave tests
2024-09-19 21:21:27,877 DEBUG steps_common_definitions.py:19 - Redirected to login page, trying to login...
2024-09-19 21:21:28,399 DEBUG base_page.py:16 - Gets an element using locator .orangehrm-login-button
2024-09-19 21:21:29,670 DEBUG base_page.py:16 - Gets an element using locator button:has-text("Add")
2024-09-19 21:21:29,670 DEBUG base_page.py:21 - Clicks on an element using locator button:has-text("Add")
2024-09-19 21:21:31,446 DEBUG base_page.py:16 - Gets an element using locator input[name="firstName"]
2024-09-19 21:21:32,283 DEBUG base_page.py:16 - Gets an element using locator input[name="lastName"]
2024-09-19 21:21:32,301 DEBUG base_page.py:16 - Gets an element using locator input:not([name])
2024-09-19 21:21:32,320 DEBUG base_page.py:16 - Gets an element using locator button:has-text("Save")
2024-09-19 21:21:32,321 DEBUG base_page.py:21 - Clicks on an element using locator button:has-text("Save")
2024-09-19 21:21:32,921 DEBUG base_page.py:16 - Gets an element using locator .oxd-table-card:has-text(".test candidate name")
2024-09-19 21:21:34,779 DEBUG base_page.py:16 - Gets an element using locator input[type="checkbox"]
2024-09-19 21:21:35,667 DEBUG base_page.py:16 - Gets an element using locator button:has-text("Save")
2024-09-19 21:21:35,667 DEBUG base_page.py:21 - Clicks on an element using locator button:has-text("Save")
2024-09-19 21:21:35,714 DEBUG base_page.py:16 - Gets an element using locator text=Successfully Updated
2024-09-19 21:21:37,031 INFO environment.py:73 - Finished Behave tests
2024-09-19 21:23:02,940 DEBUG logger_config.py:30 - Logging initialized
2024-09-19 21:23:02,941 DEBUG environment.py:53 - Configuring Allure reports
2024-09-19 21:23:02,942 INFO environment.py:68 - Starting Behave tests
2024-09-19 21:23:17,365 DEBUG steps_common_definitions.py:19 - Redirected to login page, trying to login...
2024-09-19 21:23:17,887 DEBUG base_page.py:16 - Gets an element using locator .orangehrm-login-button
2024-09-19 21:23:19,134 DEBUG base_page.py:16 - Gets an element using locator button:has-text("Add")
2024-09-19 21:23:19,134 DEBUG base_page.py:21 - Clicks on an element using locator button:has-text("Add")
2024-09-19 21:23:20,866 DEBUG base_page.py:16 - Gets an element using locator input[name="firstName"]
2024-09-19 21:23:21,292 DEBUG base_page.py:16 - Gets an element using locator input[name="lastName"]
2024-09-19 21:23:21,309 DEBUG base_page.py:16 - Gets an element using locator input:not([name])
2024-09-19 21:23:21,326 DEBUG base_page.py:16 - Gets an element using locator button:has-text("Save")
2024-09-19 21:23:21,326 DEBUG base_page.py:21 - Clicks on an element using locator button:has-text("Save")
2024-09-19 21:23:22,119 DEBUG base_page.py:16 - Gets an element using locator .oxd-table-card:has-text(".test candidate name")
2024-09-19 21:23:23,961 DEBUG base_page.py:16 - Gets an element using locator input[type="checkbox"]
2024-09-19 21:23:25,391 DEBUG base_page.py:16 - Gets an element using locator button:has-text("Save")
2024-09-19 21:23:25,392 DEBUG base_page.py:21 - Clicks on an element using locator button:has-text("Save")
2024-09-19 21:23:25,438 DEBUG base_page.py:16 - Gets an element using locator text=Successfully Updated
2024-09-19 21:23:26,857 INFO environment.py:73 - Finished Behave tests
2024-09-19 21:24:35,385 DEBUG logger_config.py:30 - Logging initialized
2024-09-19 21:24:35,385 DEBUG environment.py:53 - Configuring Allure reports
2024-09-19 21:24:35,387 INFO environment.py:68 - Starting Behave tests
2024-09-19 21:24:50,775 DEBUG steps_common_definitions.py:19 - Redirected to login page, trying to login...
2024-09-19 21:24:51,686 DEBUG base_page.py:16 - Gets an element using locator .orangehrm-login-button
2024-09-19 21:24:52,847 DEBUG base_page.py:16 - Gets an element using locator button:has-text("Add")
2024-09-19 21:24:52,847 DEBUG base_page.py:21 - Clicks on an element using locator button:has-text("Add")
2024-09-19 21:24:54,440 DEBUG base_page.py:16 - Gets an element using locator input[name="firstName"]
2024-09-19 21:24:55,404 DEBUG base_page.py:16 - Gets an element using locator input[name="lastName"]
2024-09-19 21:24:55,422 DEBUG base_page.py:16 - Gets an element using locator input:not([name])
2024-09-19 21:24:55,442 DEBUG base_page.py:16 - Gets an element using locator button:has-text("Save")
2024-09-19 21:24:55,442 DEBUG base_page.py:21 - Clicks on an element using locator button:has-text("Save")
2024-09-19 21:24:55,495 DEBUG base_page.py:16 - Gets an element using locator text=Successfully Saved
2024-09-19 21:24:56,867 INFO environment.py:73 - Finished Behave tests
2024-09-19 21:29:46,669 DEBUG logger_config.py:30 - Logging initialized
2024-09-19 21:29:46,669 DEBUG environment.py:53 - Configuring Allure reports
2024-09-19 21:29:46,671 INFO environment.py:68 - Starting Behave tests
2024-09-19 21:29:52,698 DEBUG steps_common_definitions.py:19 - Redirected to login page, trying to login...
2024-09-19 21:29:53,634 DEBUG base_page.py:16 - Gets an element using locator .orangehrm-login-button
2024-09-19 21:29:55,001 DEBUG base_page.py:16 - Gets an element using locator button:has-text("Add")
2024-09-19 21:29:55,001 DEBUG base_page.py:21 - Clicks on an element using locator button:has-text("Add")
2024-09-19 21:29:57,005 DEBUG base_page.py:16 - Gets an element using locator input[name="firstName"]
2024-09-19 21:29:57,867 DEBUG base_page.py:16 - Gets an element using locator input[name="lastName"]
2024-09-19 21:29:57,884 DEBUG base_page.py:16 - Gets an element using locator input:not([name])
2024-09-19 21:29:57,903 DEBUG base_page.py:16 - Gets an element using locator button:has-text("Save")
2024-09-19 21:29:57,903 DEBUG base_page.py:21 - Clicks on an element using locator button:has-text("Save")
2024-09-19 21:29:58,584 DEBUG base_page.py:16 - Gets an element using locator .oxd-table-card:has-text(".test candidate to remove")
2024-09-19 21:30:00,527 DEBUG base_page.py:16 - Gets an element using locator input[type="checkbox"]
2024-09-19 21:30:18,907 INFO environment.py:73 - Finished Behave tests
2024-09-19 21:30:40,338 DEBUG logger_config.py:30 - Logging initialized
2024-09-19 21:30:40,338 DEBUG environment.py:53 - Configuring Allure reports
2024-09-19 21:30:40,340 INFO environment.py:68 - Starting Behave tests
2024-09-19 21:31:00,059 DEBUG steps_common_definitions.py:19 - Redirected to login page, trying to login...
2024-09-19 21:31:00,988 DEBUG base_page.py:16 - Gets an element using locator .orangehrm-login-button
2024-09-19 21:31:02,397 DEBUG base_page.py:16 - Gets an element using locator button:has-text("Add")
2024-09-19 21:31:02,397 DEBUG base_page.py:21 - Clicks on an element using locator button:has-text("Add")
2024-09-19 21:31:04,555 DEBUG base_page.py:16 - Gets an element using locator input[name="firstName"]
2024-09-19 21:31:04,981 DEBUG base_page.py:16 - Gets an element using locator input[name="lastName"]
2024-09-19 21:31:05,000 DEBUG base_page.py:16 - Gets an element using locator input:not([name])
2024-09-19 21:31:05,019 DEBUG base_page.py:16 - Gets an element using locator button:has-text("Save")
2024-09-19 21:31:05,019 DEBUG base_page.py:21 - Clicks on an element using locator button:has-text("Save")
2024-09-19 21:31:05,840 DEBUG base_page.py:16 - Gets an element using locator .oxd-table-card:has-text(".test candidate to remove")
2024-09-19 21:31:07,728 DEBUG base_page.py:16 - Gets an element using locator input[type="checkbox"]
2024-09-19 21:31:09,342 INFO environment.py:73 - Finished Behave tests
2024-09-19 21:32:15,823 DEBUG logger_config.py:30 - Logging initialized
2024-09-19 21:32:15,824 DEBUG environment.py:53 - Configuring Allure reports
2024-09-19 21:32:15,825 INFO environment.py:68 - Starting Behave tests
2024-09-19 21:32:26,759 DEBUG steps_common_definitions.py:19 - Redirected to login page, trying to login...
2024-09-19 21:32:27,679 DEBUG base_page.py:16 - Gets an element using locator .orangehrm-login-button
2024-09-19 21:32:29,035 DEBUG base_page.py:16 - Gets an element using locator button:has-text("Add")
2024-09-19 21:32:29,035 DEBUG base_page.py:21 - Clicks on an element using locator button:has-text("Add")
2024-09-19 21:32:30,624 DEBUG base_page.py:16 - Gets an element using locator input[name="firstName"]
2024-09-19 21:32:31,499 DEBUG base_page.py:16 - Gets an element using locator input[name="lastName"]
2024-09-19 21:32:31,517 DEBUG base_page.py:16 - Gets an element using locator input:not([name])
2024-09-19 21:32:31,536 DEBUG base_page.py:16 - Gets an element using locator button:has-text("Save")
2024-09-19 21:32:31,536 DEBUG base_page.py:21 - Clicks on an element using locator button:has-text("Save")
2024-09-19 21:32:32,586 DEBUG base_page.py:16 - Gets an element using locator .oxd-table-card:has-text(".test candidate to remove")
2024-09-19 21:32:34,488 DEBUG base_page.py:16 - Gets an element using locator button:has-text("Yes, Delete")
2024-09-19 21:32:34,488 DEBUG base_page.py:21 - Clicks on an element using locator button:has-text("Yes, Delete")
2024-09-19 21:32:35,228 INFO environment.py:73 - Finished Behave tests
2024-09-19 21:34:18,690 DEBUG logger_config.py:30 - Logging initialized
2024-09-19 21:34:18,691 DEBUG environment.py:53 - Configuring Allure reports
2024-09-19 21:34:18,692 INFO environment.py:68 - Starting Behave tests
2024-09-19 21:34:35,949 DEBUG steps_common_definitions.py:19 - Redirected to login page, trying to login...
2024-09-19 21:34:36,900 DEBUG base_page.py:16 - Gets an element using locator .orangehrm-login-button
2024-09-19 21:34:38,162 DEBUG base_page.py:16 - Gets an element using locator button:has-text("Add")
2024-09-19 21:34:38,163 DEBUG base_page.py:21 - Clicks on an element using locator button:has-text("Add")
2024-09-19 21:34:40,109 DEBUG base_page.py:16 - Gets an element using locator input[name="firstName"]
2024-09-19 21:34:40,963 DEBUG base_page.py:16 - Gets an element using locator input[name="lastName"]
2024-09-19 21:34:40,987 DEBUG base_page.py:16 - Gets an element using locator input:not([name])
2024-09-19 21:34:41,020 DEBUG base_page.py:16 - Gets an element using locator button:has-text("Save")
2024-09-19 21:34:41,020 DEBUG base_page.py:21 - Clicks on an element using locator button:has-text("Save")
2024-09-19 21:34:41,700 DEBUG base_page.py:16 - Gets an element using locator .oxd-table-card:has-text(".test candidate to remove")
2024-09-19 21:34:43,191 DEBUG base_page.py:16 - Gets an element using locator button:has-text("Yes, Delete")
2024-09-19 21:34:43,191 DEBUG base_page.py:21 - Clicks on an element using locator button:has-text("Yes, Delete")
2024-09-19 21:34:46,842 INFO environment.py:73 - Finished Behave tests
2024-09-19 21:35:05,891 DEBUG logger_config.py:30 - Logging initialized
2024-09-19 21:35:05,891 DEBUG environment.py:53 - Configuring Allure reports
2024-09-19 21:35:05,893 INFO environment.py:68 - Starting Behave tests
2024-09-19 21:35:12,487 DEBUG steps_common_definitions.py:19 - Redirected to login page, trying to login...
2024-09-19 21:35:13,397 DEBUG base_page.py:16 - Gets an element using locator .orangehrm-login-button
2024-09-19 21:35:14,710 DEBUG base_page.py:16 - Gets an element using locator button:has-text("Add")
2024-09-19 21:35:14,710 DEBUG base_page.py:21 - Clicks on an element using locator button:has-text("Add")
2024-09-19 21:35:16,453 DEBUG base_page.py:16 - Gets an element using locator input[name="firstName"]
2024-09-19 21:35:17,435 DEBUG base_page.py:16 - Gets an element using locator input[name="lastName"]
2024-09-19 21:35:17,453 DEBUG base_page.py:16 - Gets an element using locator input:not([name])
2024-09-19 21:35:17,471 DEBUG base_page.py:16 - Gets an element using locator button:has-text("Save")
2024-09-19 21:35:17,471 DEBUG base_page.py:21 - Clicks on an element using locator button:has-text("Save")
2024-09-19 21:35:18,117 DEBUG base_page.py:16 - Gets an element using locator .oxd-table-card:has-text(".test candidate to remove")
2024-09-19 21:35:20,522 DEBUG base_page.py:16 - Gets an element using locator button:has-text("Yes, Delete")
2024-09-19 21:35:20,522 DEBUG base_page.py:21 - Clicks on an element using locator button:has-text("Yes, Delete")
2024-09-19 21:35:23,968 INFO environment.py:73 - Finished Behave tests
2024-09-19 21:35:38,416 DEBUG logger_config.py:30 - Logging initialized
2024-09-19 21:35:38,416 DEBUG environment.py:53 - Configuring Allure reports
2024-09-19 21:35:38,417 INFO environment.py:68 - Starting Behave tests
2024-09-19 21:35:47,815 DEBUG steps_common_definitions.py:19 - Redirected to login page, trying to login...
2024-09-19 21:35:48,731 DEBUG base_page.py:16 - Gets an element using locator .orangehrm-login-button
2024-09-19 21:35:50,191 DEBUG base_page.py:16 - Gets an element using locator button:has-text("Add")
2024-09-19 21:35:50,191 DEBUG base_page.py:21 - Clicks on an element using locator button:has-text("Add")
2024-09-19 21:35:52,011 DEBUG base_page.py:16 - Gets an element using locator input[name="firstName"]
2024-09-19 21:35:52,871 DEBUG base_page.py:16 - Gets an element using locator input[name="lastName"]
2024-09-19 21:35:52,892 DEBUG base_page.py:16 - Gets an element using locator input:not([name])
2024-09-19 21:35:52,911 DEBUG base_page.py:16 - Gets an element using locator button:has-text("Save")
2024-09-19 21:35:52,911 DEBUG base_page.py:21 - Clicks on an element using locator button:has-text("Save")
2024-09-19 21:35:53,505 DEBUG base_page.py:16 - Gets an element using locator .oxd-table-card:has-text(".test candidate to remove")
2024-09-19 21:35:54,909 DEBUG base_page.py:16 - Gets an element using locator button:has-text("Yes, Delete")
2024-09-19 21:35:54,910 DEBUG base_page.py:21 - Clicks on an element using locator button:has-text("Yes, Delete")
2024-09-19 21:36:00,338 INFO environment.py:73 - Finished Behave tests
2024-09-19 21:37:07,534 DEBUG logger_config.py:30 - Logging initialized
2024-09-19 21:37:07,534 DEBUG environment.py:53 - Configuring Allure reports
2024-09-19 21:37:07,535 INFO environment.py:68 - Starting Behave tests
2024-09-19 21:37:13,474 DEBUG steps_common_definitions.py:19 - Redirected to login page, trying to login...
2024-09-19 21:37:14,393 DEBUG base_page.py:16 - Gets an element using locator .orangehrm-login-button
2024-09-19 21:37:15,549 DEBUG base_page.py:16 - Gets an element using locator button:has-text("Add")
2024-09-19 21:37:15,549 DEBUG base_page.py:21 - Clicks on an element using locator button:has-text("Add")
2024-09-19 21:37:17,251 DEBUG base_page.py:16 - Gets an element using locator input[name="firstName"]
2024-09-19 21:37:18,105 DEBUG base_page.py:16 - Gets an element using locator input[name="lastName"]
2024-09-19 21:37:18,124 DEBUG base_page.py:16 - Gets an element using locator input:not([name])
2024-09-19 21:37:18,144 DEBUG base_page.py:16 - Gets an element using locator button:has-text("Save")
2024-09-19 21:37:18,144 DEBUG base_page.py:21 - Clicks on an element using locator button:has-text("Save")
2024-09-19 21:37:18,721 DEBUG base_page.py:16 - Gets an element using locator .oxd-table-card:has-text(".test candidate to remove")
2024-09-19 21:37:20,710 DEBUG base_page.py:16 - Gets an element using locator button:has-text("Yes, Delete")
2024-09-19 21:37:20,710 DEBUG base_page.py:21 - Clicks on an element using locator button:has-text("Yes, Delete")
2024-09-19 21:37:20,770 DEBUG base_page.py:16 - Gets an element using locator text=Successfully Updated
2024-09-19 21:37:26,629 INFO environment.py:73 - Finished Behave tests
2024-09-19 21:37:30,845 DEBUG logger_config.py:30 - Logging initialized
2024-09-19 21:37:30,846 DEBUG environment.py:53 - Configuring Allure reports
2024-09-19 21:37:30,847 INFO environment.py:68 - Starting Behave tests
2024-09-19 21:37:37,831 DEBUG steps_common_definitions.py:19 - Redirected to login page, trying to login...
2024-09-19 21:37:38,737 DEBUG base_page.py:16 - Gets an element using locator .orangehrm-login-button
2024-09-19 21:37:39,933 DEBUG base_page.py:16 - Gets an element using locator button:has-text("Add")
2024-09-19 21:37:39,933 DEBUG base_page.py:21 - Clicks on an element using locator button:has-text("Add")
2024-09-19 21:37:41,872 DEBUG base_page.py:16 - Gets an element using locator input[name="firstName"]
2024-09-19 21:37:42,714 DEBUG base_page.py:16 - Gets an element using locator input[name="lastName"]
2024-09-19 21:37:42,735 DEBUG base_page.py:16 - Gets an element using locator input:not([name])
2024-09-19 21:37:42,755 DEBUG base_page.py:16 - Gets an element using locator button:has-text("Save")
2024-09-19 21:37:42,755 DEBUG base_page.py:21 - Clicks on an element using locator button:has-text("Save")
2024-09-19 21:37:43,272 DEBUG base_page.py:16 - Gets an element using locator .oxd-table-card:has-text(".test candidate to remove")
2024-09-19 21:37:45,176 DEBUG base_page.py:16 - Gets an element using locator button:has-text("Yes, Delete")
2024-09-19 21:37:45,176 DEBUG base_page.py:21 - Clicks on an element using locator button:has-text("Yes, Delete")
2024-09-19 21:37:45,233 DEBUG base_page.py:16 - Gets an element using locator text=Successfully Updated
2024-09-19 21:38:15,816 INFO environment.py:73 - Finished Behave tests
2024-09-19 21:38:39,610 DEBUG logger_config.py:30 - Logging initialized
2024-09-19 21:38:39,610 DEBUG environment.py:53 - Configuring Allure reports
2024-09-19 21:38:39,612 INFO environment.py:68 - Starting Behave tests
2024-09-19 21:38:45,969 DEBUG steps_common_definitions.py:19 - Redirected to login page, trying to login...
2024-09-19 21:38:46,900 DEBUG base_page.py:16 - Gets an element using locator .orangehrm-login-button
2024-09-19 21:38:48,152 DEBUG base_page.py:16 - Gets an element using locator button:has-text("Add")
2024-09-19 21:38:48,153 DEBUG base_page.py:21 - Clicks on an element using locator button:has-text("Add")
2024-09-19 21:38:50,305 DEBUG base_page.py:16 - Gets an element using locator input[name="firstName"]
2024-09-19 21:38:51,173 DEBUG base_page.py:16 - Gets an element using locator input[name="lastName"]
2024-09-19 21:38:51,193 DEBUG base_page.py:16 - Gets an element using locator input:not([name])
2024-09-19 21:38:51,211 DEBUG base_page.py:16 - Gets an element using locator button:has-text("Save")
2024-09-19 21:38:51,211 DEBUG base_page.py:21 - Clicks on an element using locator button:has-text("Save")
2024-09-19 21:38:51,960 DEBUG base_page.py:16 - Gets an element using locator .oxd-table-card:has-text(".test candidate to remove")
2024-09-19 21:38:55,386 DEBUG base_page.py:16 - Gets an element using locator button:has-text("Yes, Delete")
2024-09-19 21:38:55,386 DEBUG base_page.py:21 - Clicks on an element using locator button:has-text("Yes, Delete")
2024-09-19 21:38:55,443 DEBUG base_page.py:16 - Gets an element using locator text=Successfully Deleted
2024-09-19 21:38:56,525 INFO environment.py:73 - Finished Behave tests
2024-09-19 21:56:55,318 DEBUG logger_config.py:30 - Logging initialized
2024-09-19 21:56:55,318 DEBUG environment.py:53 - Configuring Allure reports
2024-09-19 21:56:55,320 INFO environment.py:68 - Starting Behave tests
2024-09-19 21:57:09,633 DEBUG steps_common_definitions.py:19 - Redirected to login page, trying to login...
2024-09-19 21:57:10,145 DEBUG base_page.py:16 - Gets an element using locator .orangehrm-login-button
2024-09-19 21:57:11,428 DEBUG base_page.py:16 - Gets an element using locator button:has-text("Add")
2024-09-19 21:57:11,428 DEBUG base_page.py:21 - Clicks on an element using locator button:has-text("Add")
2024-09-19 21:57:13,117 DEBUG base_page.py:16 - Gets an element using locator input[name="firstName"]
2024-09-19 21:57:14,000 DEBUG base_page.py:16 - Gets an element using locator input[name="lastName"]
2024-09-19 21:57:14,020 DEBUG base_page.py:16 - Gets an element using locator input:not([name])
2024-09-19 21:57:14,039 DEBUG base_page.py:16 - Gets an element using locator button:has-text("Save")
2024-09-19 21:57:14,039 DEBUG base_page.py:21 - Clicks on an element using locator button:has-text("Save")
2024-09-19 21:57:15,265 INFO environment.py:73 - Finished Behave tests
2024-09-19 22:03:14,086 DEBUG logger_config.py:30 - Logging initialized
2024-09-19 22:03:14,086 DEBUG environment.py:53 - Configuring Allure reports
2024-09-19 22:03:14,088 INFO environment.py:68 - Starting Behave tests
2024-09-19 22:03:28,104 DEBUG steps_common_definitions.py:19 - Redirected to login page, trying to login...
2024-09-19 22:03:29,028 DEBUG base_page.py:16 - Gets an element using locator .orangehrm-login-button
2024-09-19 22:03:30,213 DEBUG base_page.py:16 - Gets an element using locator button:has-text("Add")
2024-09-19 22:03:30,213 DEBUG base_page.py:21 - Clicks on an element using locator button:has-text("Add")
2024-09-19 22:03:31,663 DEBUG base_page.py:16 - Gets an element using locator input[name="firstName"]
2024-09-19 22:03:32,522 DEBUG base_page.py:16 - Gets an element using locator input[name="lastName"]
2024-09-19 22:03:32,542 DEBUG base_page.py:16 - Gets an element using locator input:not([name])
2024-09-19 22:03:32,562 DEBUG base_page.py:16 - Gets an element using locator button:has-text("Save")
2024-09-19 22:03:32,562 DEBUG base_page.py:21 - Clicks on an element using locator button:has-text("Save")
2024-09-19 22:03:33,073 DEBUG base_page.py:16 - Gets an element using locator input:not([name])
2024-09-19 22:03:34,849 INFO environment.py:73 - Finished Behave tests
2024-09-19 22:10:48,902 DEBUG logger_config.py:30 - Logging initialized
2024-09-19 22:10:48,902 DEBUG environment.py:53 - Configuring Allure reports
2024-09-19 22:10:48,904 INFO environment.py:68 - Starting Behave tests
2024-09-19 22:11:02,476 DEBUG steps_common_definitions.py:19 - Redirected to login page, trying to login...
2024-09-19 22:11:03,415 DEBUG base_page.py:16 - Gets an element using locator .orangehrm-login-button
2024-09-19 22:11:04,723 DEBUG base_page.py:16 - Gets an element using locator button:has-text("Add")
2024-09-19 22:11:04,723 DEBUG base_page.py:21 - Clicks on an element using locator button:has-text("Add")
2024-09-19 22:11:06,318 DEBUG base_page.py:16 - Gets an element using locator input[name="firstName"]
2024-09-19 22:11:06,769 DEBUG base_page.py:16 - Gets an element using locator input[name="lastName"]
2024-09-19 22:11:06,786 DEBUG base_page.py:16 - Gets an element using locator input:not([name])
2024-09-19 22:11:06,805 DEBUG base_page.py:16 - Gets an element using locator button:has-text("Save")
2024-09-19 22:11:06,806 DEBUG base_page.py:21 - Clicks on an element using locator button:has-text("Save")
2024-09-19 22:11:07,542 DEBUG base_page.py:16 - Gets an element using locator input:not([name])
2024-09-19 22:11:08,395 DEBUG base_page.py:16 - Gets an element using locator .oxd-autocomplete-text-input:has-text(".test usuario para buscar")
2024-09-19 22:11:15,107 INFO environment.py:73 - Finished Behave tests
2024-09-19 22:12:08,359 DEBUG logger_config.py:30 - Logging initialized
2024-09-19 22:12:08,359 DEBUG environment.py:53 - Configuring Allure reports
2024-09-19 22:12:08,361 INFO environment.py:68 - Starting Behave tests
2024-09-19 22:12:23,522 DEBUG steps_common_definitions.py:19 - Redirected to login page, trying to login...
2024-09-19 22:12:24,453 DEBUG base_page.py:16 - Gets an element using locator .orangehrm-login-button
2024-09-19 22:12:25,840 DEBUG base_page.py:16 - Gets an element using locator button:has-text("Add")
2024-09-19 22:12:25,840 DEBUG base_page.py:21 - Clicks on an element using locator button:has-text("Add")
2024-09-19 22:12:27,433 DEBUG base_page.py:16 - Gets an element using locator input[name="firstName"]
2024-09-19 22:12:28,308 DEBUG base_page.py:16 - Gets an element using locator input[name="lastName"]
2024-09-19 22:12:28,327 DEBUG base_page.py:16 - Gets an element using locator input:not([name])
2024-09-19 22:12:28,347 DEBUG base_page.py:16 - Gets an element using locator button:has-text("Save")
2024-09-19 22:12:28,347 DEBUG base_page.py:21 - Clicks on an element using locator button:has-text("Save")
2024-09-19 22:12:28,870 DEBUG base_page.py:16 - Gets an element using locator input:not([name])
2024-09-19 22:12:29,839 DEBUG base_page.py:16 - Gets an element using locator .oxd-autocomplete-dropdown:has-text(".test usuario para buscar")
2024-09-19 22:12:31,223 DEBUG base_page.py:16 - Gets an element using locator button:has-text("Search")
2024-09-19 22:12:31,224 DEBUG base_page.py:21 - Clicks on an element using locator button:has-text("Search")
2024-09-19 22:12:31,891 INFO environment.py:73 - Finished Behave tests
2024-09-19 22:13:28,398 DEBUG logger_config.py:30 - Logging initialized
2024-09-19 22:13:28,398 DEBUG environment.py:53 - Configuring Allure reports
2024-09-19 22:13:28,400 INFO environment.py:68 - Starting Behave tests
2024-09-19 22:13:41,436 DEBUG steps_common_definitions.py:19 - Redirected to login page, trying to login...
2024-09-19 22:13:41,958 DEBUG base_page.py:16 - Gets an element using locator .orangehrm-login-button
2024-09-19 22:13:43,236 DEBUG base_page.py:16 - Gets an element using locator button:has-text("Add")
2024-09-19 22:13:43,236 DEBUG base_page.py:21 - Clicks on an element using locator button:has-text("Add")
2024-09-19 22:13:44,711 DEBUG base_page.py:16 - Gets an element using locator input[name="firstName"]
2024-09-19 22:13:45,135 DEBUG base_page.py:16 - Gets an element using locator input[name="lastName"]
2024-09-19 22:13:45,152 DEBUG base_page.py:16 - Gets an element using locator input:not([name])
2024-09-19 22:13:45,170 DEBUG base_page.py:16 - Gets an element using locator button:has-text("Save")
2024-09-19 22:13:45,170 DEBUG base_page.py:21 - Clicks on an element using locator button:has-text("Save")
2024-09-19 22:13:45,917 DEBUG base_page.py:16 - Gets an element using locator input:not([name])
2024-09-19 22:13:46,756 DEBUG base_page.py:16 - Gets an element using locator .oxd-autocomplete-dropdown:has-text(".test usuario para buscar")
2024-09-19 22:13:48,143 DEBUG base_page.py:16 - Gets an element using locator button:has-text("Search")
2024-09-19 22:13:48,144 DEBUG base_page.py:21 - Clicks on an element using locator button:has-text("Search")
2024-09-19 22:13:49,073 INFO environment.py:73 - Finished Behave tests
2024-09-19 22:15:04,334 DEBUG logger_config.py:30 - Logging initialized
2024-09-19 22:15:04,334 DEBUG environment.py:53 - Configuring Allure reports
2024-09-19 22:15:04,336 INFO environment.py:68 - Starting Behave tests
2024-09-19 22:15:13,870 DEBUG steps_common_definitions.py:19 - Redirected to login page, trying to login...
2024-09-19 22:15:14,781 DEBUG base_page.py:16 - Gets an element using locator .orangehrm-login-button
2024-09-19 22:15:15,975 DEBUG base_page.py:16 - Gets an element using locator button:has-text("Add")
2024-09-19 22:15:15,976 DEBUG base_page.py:21 - Clicks on an element using locator button:has-text("Add")
2024-09-19 22:15:17,823 DEBUG base_page.py:16 - Gets an element using locator input[name="firstName"]
2024-09-19 22:15:18,686 DEBUG base_page.py:16 - Gets an element using locator input[name="lastName"]
2024-09-19 22:15:18,706 DEBUG base_page.py:16 - Gets an element using locator input:not([name])
2024-09-19 22:15:18,727 DEBUG base_page.py:16 - Gets an element using locator button:has-text("Save")
2024-09-19 22:15:18,727 DEBUG base_page.py:21 - Clicks on an element using locator button:has-text("Save")
2024-09-19 22:15:19,302 DEBUG base_page.py:16 - Gets an element using locator input:not([name])
2024-09-19 22:15:20,158 DEBUG base_page.py:16 - Gets an element using locator .oxd-autocomplete-dropdown:has-text(".test usuario para buscar")
2024-09-19 22:15:22,433 INFO environment.py:73 - Finished Behave tests
2024-09-19 22:17:34,938 DEBUG logger_config.py:30 - Logging initialized
2024-09-19 22:17:34,938 DEBUG environment.py:53 - Configuring Allure reports
2024-09-19 22:17:34,940 INFO environment.py:68 - Starting Behave tests
2024-09-19 22:17:47,648 DEBUG steps_common_definitions.py:19 - Redirected to login page, trying to login...
2024-09-19 22:17:48,572 DEBUG base_page.py:16 - Gets an element using locator .orangehrm-login-button
2024-09-19 22:17:49,820 DEBUG base_page.py:16 - Gets an element using locator button:has-text("Add")
2024-09-19 22:17:49,821 DEBUG base_page.py:21 - Clicks on an element using locator button:has-text("Add")
2024-09-19 22:17:51,444 DEBUG base_page.py:16 - Gets an element using locator input[name="firstName"]
2024-09-19 22:17:51,892 DEBUG base_page.py:16 - Gets an element using locator input[name="lastName"]
2024-09-19 22:17:51,910 DEBUG base_page.py:16 - Gets an element using locator input:not([name])
2024-09-19 22:17:51,927 DEBUG base_page.py:16 - Gets an element using locator button:has-text("Save")
2024-09-19 22:17:51,928 DEBUG base_page.py:21 - Clicks on an element using locator button:has-text("Save")
2024-09-19 22:17:52,631 DEBUG base_page.py:16 - Gets an element using locator input:not([name])
2024-09-19 22:17:53,055 DEBUG base_page.py:16 - Gets an element using locator .oxd-autocomplete-dropdown:has-text(".test usuario para buscar")
2024-09-19 22:17:55,695 INFO environment.py:73 - Finished Behave tests
2024-09-19 22:20:00,179 DEBUG logger_config.py:30 - Logging initialized
2024-09-19 22:20:00,179 DEBUG environment.py:53 - Configuring Allure reports
2024-09-19 22:20:00,181 INFO environment.py:68 - Starting Behave tests
2024-09-19 22:20:07,964 DEBUG steps_common_definitions.py:19 - Redirected to login page, trying to login...
2024-09-19 22:20:08,484 DEBUG base_page.py:16 - Gets an element using locator .orangehrm-login-button
2024-09-19 22:20:09,801 DEBUG base_page.py:16 - Gets an element using locator button:has-text("Add")
2024-09-19 22:20:09,801 DEBUG base_page.py:21 - Clicks on an element using locator button:has-text("Add")
2024-09-19 22:20:13,231 DEBUG base_page.py:16 - Gets an element using locator input[name="firstName"]
2024-09-19 22:20:13,647 DEBUG base_page.py:16 - Gets an element using locator input[name="lastName"]
2024-09-19 22:20:13,664 DEBUG base_page.py:16 - Gets an element using locator input:not([name])
2024-09-19 22:20:13,682 DEBUG base_page.py:16 - Gets an element using locator button:has-text("Save")
2024-09-19 22:20:13,682 DEBUG base_page.py:21 - Clicks on an element using locator button:has-text("Save")
2024-09-19 22:20:14,376 DEBUG base_page.py:16 - Gets an element using locator input:not([name])
2024-09-19 22:20:14,800 DEBUG base_page.py:16 - Gets an element using locator .oxd-autocomplete-dropdown:has-text(".test usuario para buscar")
2024-09-19 22:20:16,282 DEBUG base_page.py:16 - Gets an element using locator button:has-text("Search")
2024-09-19 22:20:16,282 DEBUG base_page.py:21 - Clicks on an element using locator button:has-text("Search")
2024-09-19 22:20:16,780 INFO environment.py:73 - Finished Behave tests
2024-09-19 22:21:34,484 DEBUG logger_config.py:30 - Logging initialized
2024-09-19 22:21:34,484 DEBUG environment.py:53 - Configuring Allure reports
2024-09-19 22:21:34,485 INFO environment.py:68 - Starting Behave tests
2024-09-19 22:21:42,038 DEBUG steps_common_definitions.py:19 - Redirected to login page, trying to login...
2024-09-19 22:21:43,081 DEBUG base_page.py:16 - Gets an element using locator .orangehrm-login-button
2024-09-19 22:21:44,204 DEBUG base_page.py:16 - Gets an element using locator button:has-text("Add")
2024-09-19 22:21:44,204 DEBUG base_page.py:21 - Clicks on an element using locator button:has-text("Add")
2024-09-19 22:21:45,904 DEBUG base_page.py:16 - Gets an element using locator input[name="firstName"]
2024-09-19 22:21:46,320 DEBUG base_page.py:16 - Gets an element using locator input[name="lastName"]
2024-09-19 22:21:46,337 DEBUG base_page.py:16 - Gets an element using locator input:not([name])
2024-09-19 22:21:46,355 DEBUG base_page.py:16 - Gets an element using locator button:has-text("Save")
2024-09-19 22:21:46,355 DEBUG base_page.py:21 - Clicks on an element using locator button:has-text("Save")
2024-09-19 22:21:47,005 DEBUG base_page.py:16 - Gets an element using locator input:not([name])
2024-09-19 22:21:47,406 DEBUG base_page.py:16 - Gets an element using locator .oxd-autocomplete-dropdown:has-text(".test usuario para buscar")
2024-09-19 22:21:48,885 DEBUG base_page.py:16 - Gets an element using locator button:has-text("Search")
2024-09-19 22:21:48,887 DEBUG base_page.py:21 - Clicks on an element using locator button:has-text("Search")
2024-09-19 22:21:49,711 INFO environment.py:73 - Finished Behave tests
2024-09-19 22:22:31,772 DEBUG logger_config.py:30 - Logging initialized
2024-09-19 22:22:31,772 DEBUG environment.py:53 - Configuring Allure reports
2024-09-19 22:22:31,773 INFO environment.py:68 - Starting Behave tests
2024-09-19 22:22:39,479 DEBUG steps_common_definitions.py:19 - Redirected to login page, trying to login...
2024-09-19 22:22:40,418 DEBUG base_page.py:16 - Gets an element using locator .orangehrm-login-button
2024-09-19 22:22:41,560 DEBUG base_page.py:16 - Gets an element using locator button:has-text("Add")
2024-09-19 22:22:41,560 DEBUG base_page.py:21 - Clicks on an element using locator button:has-text("Add")
2024-09-19 22:22:43,088 DEBUG base_page.py:16 - Gets an element using locator input[name="firstName"]
2024-09-19 22:22:43,970 DEBUG base_page.py:16 - Gets an element using locator input[name="lastName"]
2024-09-19 22:22:43,988 DEBUG base_page.py:16 - Gets an element using locator input:not([name])
2024-09-19 22:22:44,009 DEBUG base_page.py:16 - Gets an element using locator button:has-text("Save")
2024-09-19 22:22:44,010 DEBUG base_page.py:21 - Clicks on an element using locator button:has-text("Save")
2024-09-19 22:22:44,570 DEBUG base_page.py:16 - Gets an element using locator input:not([name])
2024-09-19 22:22:44,980 DEBUG base_page.py:16 - Gets an element using locator .oxd-autocomplete-dropdown:has-text(".test usuario para buscar")
2024-09-19 22:22:46,469 DEBUG base_page.py:16 - Gets an element using locator button:has-text("Search")
2024-09-19 22:22:46,470 DEBUG base_page.py:21 - Clicks on an element using locator button:has-text("Search")
2024-09-19 22:22:51,762 INFO environment.py:73 - Finished Behave tests
2024-09-19 22:26:38,740 DEBUG logger_config.py:30 - Logging initialized
2024-09-19 22:26:38,740 DEBUG environment.py:53 - Configuring Allure reports
2024-09-19 22:26:38,742 INFO environment.py:68 - Starting Behave tests
2024-09-19 22:26:46,922 DEBUG steps_common_definitions.py:19 - Redirected to login page, trying to login...
2024-09-19 22:26:47,836 DEBUG base_page.py:16 - Gets an element using locator .orangehrm-login-button
2024-09-19 22:26:48,923 DEBUG base_page.py:16 - Gets an element using locator button:has-text("Add")
2024-09-19 22:26:48,923 DEBUG base_page.py:21 - Clicks on an element using locator button:has-text("Add")
2024-09-19 22:26:50,692 DEBUG base_page.py:16 - Gets an element using locator input[name="firstName"]
2024-09-19 22:26:51,552 DEBUG base_page.py:16 - Gets an element using locator input[name="lastName"]
2024-09-19 22:26:51,571 DEBUG base_page.py:16 - Gets an element using locator input:not([name])
2024-09-19 22:26:51,591 DEBUG base_page.py:16 - Gets an element using locator button:has-text("Save")
2024-09-19 22:26:51,591 DEBUG base_page.py:21 - Clicks on an element using locator button:has-text("Save")
2024-09-19 22:26:52,140 DEBUG base_page.py:16 - Gets an element using locator input:not([name])
2024-09-19 22:26:52,543 DEBUG base_page.py:16 - Gets an element using locator .oxd-autocomplete-dropdown:has-text(".test usuario para buscar")
2024-09-19 22:26:53,916 DEBUG base_page.py:16 - Gets an element using locator button:has-text("Search")
2024-09-19 22:26:53,916 DEBUG base_page.py:21 - Clicks on an element using locator button:has-text("Search")
2024-09-19 22:26:53,965 DEBUG base_page.py:16 - Gets an element using locator .oxd-table-card:has-text(".test usuario para buscar")
2024-09-19 22:26:55,310 INFO environment.py:73 - Finished Behave tests
